Identity event source starting - sending synthetic events to http://host.docker.internal:2500/identity/score every 3.0s
[16:58:27]    OK (injected normal) :: U1006@DOM1 on C1028 (Negotiate/Network, Success) score=0.234
[16:58:30]    OK (injected normal) :: U1022@DOM1 on C1020 (Negotiate/Interactive, Success) score=0.097
[16:58:33]    OK (injected normal) :: U1020@DOM1 on C1016 (Negotiate/Network, Success) score=0.231
[16:58:36]    OK (injected normal) :: U1016@DOM1 on C1020 (Kerberos/Interactive, Success) score=0.150
[16:58:39]    OK (injected normal) :: U1004@DOM1 on C1038 (NTLM/Network, Success) score=0.186
[16:58:42] ALERT (injected suspicious) :: guest@DOM1 on C1047 (TotallyUnrecognizedAuth/RemoteInteractive, Fail) score=-0.025
[16:58:43] ALERT (injected suspicious) :: guest@DOM1 on C1038 (LegacyProtocolXYZ/NewCredentials, Fail) score=-0.015
[16:58:43] ALERT (injected suspicious) :: guest@DOM1 on C1021 (UnverifiedCustomAuth/RemoteInteractive, Fail) score=-0.028
[16:58:43] ALERT (injected suspicious) :: guest@DOM1 on C1007 (TotallyUnrecognizedAuth/NewCredentials, Fail) score=-0.014
[16:58:44] ALERT (injected suspicious) :: guest@DOM1 on C1035 (LegacyProtocolXYZ/NewCredentials, Fail) score=-0.029
[16:58:44] ALERT (injected suspicious) :: guest@DOM1 on C1018 (UnverifiedCustomAuth/NewCredentials, Fail) score=-0.030
[16:58:44] ALERT (injected suspicious) :: guest@DOM1 on C1034 (UnverifiedCustomAuth/NewCredentials, Fail) score=-0.028
[16:58:45] ALERT (injected suspicious) :: guest@DOM1 on C1049 (LegacyProtocolXYZ/RemoteInteractive, Fail) score=-0.027
[16:58:45] ALERT (injected suspicious) :: guest@DOM1 on C1041 (LegacyProtocolXYZ/RemoteInteractive, Fail) score=-0.012
[16:58:45] ALERT (injected suspicious) :: guest@DOM1 on C1005 (UnverifiedCustomAuth/NewCredentials, Fail) score=-0.029
[16:58:49]    OK (injected normal) :: U1039@DOM1 on C1014 (NTLM/Interactive, Success) score=0.067
[16:58:52] ALERT (injected suspicious) :: ANONYMOUS LOGON@C9999 on C1031 (TotallyUnrecognizedAuth/NewCredentials, Fail) score=-0.005
[16:58:52] ALERT (injected suspicious) :: ANONYMOUS LOGON@C9999 on C1018 (LegacyProtocolXYZ/NewCredentials, Fail) score=-0.006
[16:58:52] ALERT (injected suspicious) :: ANONYMOUS LOGON@C9999 on C1022 (LegacyProtocolXYZ/NewCredentials, Fail) score=-0.025
[16:58:53] ALERT (injected suspicious) :: ANONYMOUS LOGON@C9999 on C1023 (UnverifiedCustomAuth/RemoteInteractive, Fail) score=-0.015
[16:58:53] ALERT (injected suspicious) :: ANONYMOUS LOGON@C9999 on C1041 (LegacyProtocolXYZ/RemoteInteractive, Fail) score=-0.015
[16:58:53] ALERT (injected suspicious) :: ANONYMOUS LOGON@C9999 on C1017 (LegacyProtocolXYZ/RemoteInteractive, Fail) score=-0.015
[16:58:54] ALERT (injected suspicious) :: ANONYMOUS LOGON@C9999 on C1049 (UnverifiedCustomAuth/RemoteInteractive, Fail) score=-0.026
[16:58:54] ALERT (injected suspicious) :: ANONYMOUS LOGON@C9999 on C1019 (LegacyProtocolXYZ/RemoteInteractive, Fail) score=-0.015
[16:58:54] ALERT (injected suspicious) :: ANONYMOUS LOGON@C9999 on C1020 (UnverifiedCustomAuth/RemoteInteractive, Fail) score=-0.013
[16:58:54] ALERT (injected suspicious) :: ANONYMOUS LOGON@C9999 on C1000 (LegacyProtocolXYZ/RemoteInteractive, Fail) score=-0.014
[16:58:58]    OK (injected normal) :: U1002@DOM1 on C1002 (Kerberos/Service, Success) score=0.167
[16:59:01]    OK (injected normal) :: U1031@DOM1 on C1042 (Kerberos/Service, Success) score=0.181
[16:59:04]    OK (injected normal) :: U1010@DOM1 on C1039 (Negotiate/Interactive, Success) score=0.080
[16:59:07]    OK (injected normal) :: U1007@DOM1 on C1028 (Kerberos/Interactive, Success) score=0.147
[16:59:10]    OK (injected normal) :: U1021@DOM1 on C1049 (Negotiate/Interactive, Success) score=0.099
[16:59:13]    OK (injected normal) :: U1035@DOM1 on C1017 (NTLM/Network, Success) score=0.120
[16:59:16]    OK (injected normal) :: U1001@DOM1 on C1027 (Kerberos/Interactive, Success) score=0.117
[16:59:19]    OK (injected normal) :: U1027@DOM1 on C1025 (Kerberos/Network, Success) score=0.240
[16:59:22]    OK (injected normal) :: U1012@DOM1 on C1048 (NTLM/Service, Success) score=0.120
[16:59:25] ALERT (injected suspicious) :: ANONYMOUS LOGON@C8123 on C1026 (UnverifiedCustomAuth/RemoteInteractive, Fail) score=-0.014
[16:59:25] ALERT (injected suspicious) :: ANONYMOUS LOGON@C8123 on C1003 (LegacyProtocolXYZ/NewCredentials, Fail) score=-0.014
[16:59:26] ALERT (injected suspicious) :: ANONYMOUS LOGON@C8123 on C1048 (UnverifiedCustomAuth/RemoteInteractive, Fail) score=-0.014
[16:59:26] ALERT (injected suspicious) :: ANONYMOUS LOGON@C8123 on C1030 (UnverifiedCustomAuth/RemoteInteractive, Fail) score=-0.014
[16:59:26] ALERT (injected suspicious) :: ANONYMOUS LOGON@C8123 on C1040 (TotallyUnrecognizedAuth/RemoteInteractive, Fail) score=-0.028
[16:59:27] ALERT (injected suspicious) :: ANONYMOUS LOGON@C8123 on C1031 (UnverifiedCustomAuth/RemoteInteractive, Fail) score=-0.027
[16:59:27] ALERT (injected suspicious) :: ANONYMOUS LOGON@C8123 on C1009 (LegacyProtocolXYZ/NewCredentials, Fail) score=-0.014
[16:59:27] ALERT (injected suspicious) :: ANONYMOUS LOGON@C8123 on C1023 (UnverifiedCustomAuth/NewCredentials, Fail) score=-0.029
[16:59:28] ALERT (injected suspicious) :: ANONYMOUS LOGON@C8123 on C1005 (TotallyUnrecognizedAuth/NewCredentials, Fail) score=-0.014
[16:59:28] ALERT (injected suspicious) :: ANONYMOUS LOGON@C8123 on C1017 (TotallyUnrecognizedAuth/RemoteInteractive, Fail) score=-0.014
[16:59:28] ALERT (injected suspicious) :: ANONYMOUS LOGON@C8123 on C1018 (TotallyUnrecognizedAuth/NewCredentials, Fail) score=-0.014
[16:59:29] ALERT (injected suspicious) :: ANONYMOUS LOGON@C8123 on C1015 (LegacyProtocolXYZ/RemoteInteractive, Fail) score=-0.018
[16:59:32]    OK (injected normal) :: U1031@DOM1 on C1028 (Negotiate/Service, Success) score=0.150
[16:59:35] ALERT (injected suspicious) :: guest@DOM1 on C1006 (UnverifiedCustomAuth/NewCredentials, Fail) score=-0.014
[16:59:35] ALERT (injected suspicious) :: guest@DOM1 on C1032 (LegacyProtocolXYZ/NewCredentials, Fail) score=-0.014
[16:59:36] ALERT (injected suspicious) :: guest@DOM1 on C1007 (LegacyProtocolXYZ/RemoteInteractive, Fail) score=-0.029
[16:59:36] ALERT (injected suspicious) :: guest@DOM1 on C1018 (UnverifiedCustomAuth/NewCredentials, Fail) score=-0.029
[16:59:36] ALERT (injected suspicious) :: guest@DOM1 on C1003 (TotallyUnrecognizedAuth/NewCredentials, Fail) score=-0.029
[16:59:36] ALERT (injected suspicious) :: guest@DOM1 on C1016 (TotallyUnrecognizedAuth/NewCredentials, Fail) score=-0.017
[16:59:37] ALERT (injected suspicious) :: guest@DOM1 on C1011 (LegacyProtocolXYZ/NewCredentials, Fail) score=-0.033
[16:59:37] ALERT (injected suspicious) :: guest@DOM1 on C1044 (TotallyUnrecognizedAuth/NewCredentials, Fail) score=-0.018
[16:59:37] ALERT (injected suspicious) :: guest@DOM1 on C1049 (LegacyProtocolXYZ/NewCredentials, Fail) score=-0.034
[16:59:38] ALERT (injected suspicious) :: guest@DOM1 on C1043 (UnverifiedCustomAuth/NewCredentials, Fail) score=-0.034
[16:59:41]    OK (injected normal) :: U1012@DOM1 on C1029 (NTLM/Interactive, Success) score=0.070
[16:59:44]    OK (injected normal) :: U1001@DOM1 on C1046 (Negotiate/Service, Success) score=0.110
[16:59:47]    OK (injected normal) :: U1025@DOM1 on C1036 (NTLM/Network, Success) score=0.125
[16:59:50]    OK (injected normal) :: U1010@DOM1 on C1034 (NTLM/Interactive, Success) score=0.067
[16:59:53] ALERT (injected suspicious) :: guest@DOM1 on C1009 (LegacyProtocolXYZ/RemoteInteractive, Fail) score=-0.017
[16:59:54] ALERT (injected suspicious) :: guest@DOM1 on C1043 (TotallyUnrecognizedAuth/NewCredentials, Fail) score=-0.033
[16:59:54] ALERT (injected suspicious) :: guest@DOM1 on C1035 (TotallyUnrecognizedAuth/RemoteInteractive, Fail) score=-0.033
[16:59:54] ALERT (injected suspicious) :: guest@DOM1 on C1039 (TotallyUnrecognizedAuth/RemoteInteractive, Fail) score=-0.016
[16:59:54] ALERT (injected suspicious) :: guest@DOM1 on C1003 (UnverifiedCustomAuth/NewCredentials, Fail) score=-0.017
[16:59:55] ALERT (injected suspicious) :: guest@DOM1 on C1013 (TotallyUnrecognizedAuth/NewCredentials, Fail) score=-0.017
[16:59:55] ALERT (injected suspicious) :: guest@DOM1 on C1030 (LegacyProtocolXYZ/NewCredentials, Fail) score=-0.033
[16:59:55] ALERT (injected suspicious) :: guest@DOM1 on C1044 (UnverifiedCustomAuth/RemoteInteractive, Fail) score=-0.015
[16:59:59]    OK (injected normal) :: U1007@DOM1 on C1009 (Kerberos/Service, Success) score=0.189
[17:00:02]    OK (injected normal) :: U1014@DOM1 on C1046 (Kerberos/Interactive, Success) score=0.138
[17:00:05]    OK (injected normal) :: U1024@DOM1 on C1049 (NTLM/Interactive, Success) score=0.067
[17:00:08]    OK (injected normal) :: U1016@DOM1 on C1042 (Kerberos/Network, Success) score=0.245
[17:00:11] ALERT (injected suspicious) :: ANONYMOUS LOGON@C9999 on C1034 (LegacyProtocolXYZ/NewCredentials, Fail) score=-0.027
[17:00:11] ALERT (injected suspicious) :: ANONYMOUS LOGON@C9999 on C1009 (UnverifiedCustomAuth/RemoteInteractive, Fail) score=-0.013
[17:00:11] ALERT (injected suspicious) :: ANONYMOUS LOGON@C9999 on C1010 (TotallyUnrecognizedAuth/NewCredentials, Fail) score=-0.012
[17:00:12] ALERT (injected suspicious) :: ANONYMOUS LOGON@C9999 on C1030 (LegacyProtocolXYZ/NewCredentials, Fail) score=-0.029
[17:00:12] ALERT (injected suspicious) :: ANONYMOUS LOGON@C9999 on C1025 (TotallyUnrecognizedAuth/RemoteInteractive, Fail) score=-0.029
[17:00:12] ALERT (injected suspicious) :: ANONYMOUS LOGON@C9999 on C1037 (LegacyProtocolXYZ/RemoteInteractive, Fail) score=-0.014
[17:00:13] ALERT (injected suspicious) :: ANONYMOUS LOGON@C9999 on C1024 (TotallyUnrecognizedAuth/RemoteInteractive, Fail) score=-0.014
[17:00:13] ALERT (injected suspicious) :: ANONYMOUS LOGON@C9999 on C1015 (UnverifiedCustomAuth/NewCredentials, Fail) score=-0.014
[17:00:13] ALERT (injected suspicious) :: ANONYMOUS LOGON@C9999 on C1032 (UnverifiedCustomAuth/RemoteInteractive, Fail) score=-0.018
[17:00:17]    OK (injected normal) :: U1036@DOM1 on C1000 (Negotiate/Service, Success) score=0.159
[17:00:20]    OK (injected normal) :: U1014@DOM1 on C1043 (Kerberos/Interactive, Success) score=0.150
[17:00:23] ALERT (injected suspicious) :: ANONYMOUS LOGON@C9999 on C1014 (LegacyProtocolXYZ/NewCredentials, Fail) score=-0.033
[17:00:23] ALERT (injected suspicious) :: ANONYMOUS LOGON@C9999 on C1047 (TotallyUnrecognizedAuth/NewCredentials, Fail) score=-0.033
[17:00:23] ALERT (injected suspicious) :: ANONYMOUS LOGON@C9999 on C1023 (UnverifiedCustomAuth/NewCredentials, Fail) score=-0.034
[17:00:24] ALERT (injected suspicious) :: ANONYMOUS LOGON@C9999 on C1039 (TotallyUnrecognizedAuth/NewCredentials, Fail) score=-0.018
[17:00:24] ALERT (injected suspicious) :: ANONYMOUS LOGON@C9999 on C1033 (UnverifiedCustomAuth/NewCredentials, Fail) score=-0.034
[17:00:24] ALERT (injected suspicious) :: ANONYMOUS LOGON@C9999 on C1028 (TotallyUnrecognizedAuth/RemoteInteractive, Fail) score=-0.017
[17:00:25] ALERT (injected suspicious) :: ANONYMOUS LOGON@C9999 on C1018 (LegacyProtocolXYZ/NewCredentials, Fail) score=-0.033
[17:00:25] ALERT (injected suspicious) :: ANONYMOUS LOGON@C9999 on C1012 (TotallyUnrecognizedAuth/NewCredentials, Fail) score=-0.016
[17:00:25] ALERT (injected suspicious) :: ANONYMOUS LOGON@C9999 on C1020 (UnverifiedCustomAuth/NewCredentials, Fail) score=-0.016
[17:00:26] ALERT (injected suspicious) :: ANONYMOUS LOGON@C9999 on C1005 (LegacyProtocolXYZ/NewCredentials, Fail) score=-0.033
[17:00:29]    OK (injected normal) :: U1000@DOM1 on C1021 (Negotiate/Network, Success) score=0.229
[17:00:32]    OK (injected normal) :: U1030@DOM1 on C1005 (Negotiate/Service, Success) score=0.133
[17:00:35]    OK (injected normal) :: U1023@DOM1 on C1041 (Negotiate/Network, Success) score=0.190
[17:00:38] ALERT (injected suspicious) :: guest@DOM1 on C1008 (UnverifiedCustomAuth/NewCredentials, Fail) score=-0.032
[17:00:38] ALERT (injected suspicious) :: guest@DOM1 on C1011 (LegacyProtocolXYZ/NewCredentials, Fail) score=-0.032
[17:00:39] ALERT (injected suspicious) :: guest@DOM1 on C1001 (LegacyProtocolXYZ/NewCredentials, Fail) score=-0.032
[17:00:39] ALERT (injected suspicious) :: guest@DOM1 on C1007 (TotallyUnrecognizedAuth/RemoteInteractive, Fail) score=-0.032
[17:00:39] ALERT (injected suspicious) :: guest@DOM1 on C1037 (UnverifiedCustomAuth/RemoteInteractive, Fail) score=-0.016
[17:00:40] ALERT (injected suspicious) :: guest@DOM1 on C1024 (LegacyProtocolXYZ/RemoteInteractive, Fail) score=-0.016
[17:00:40] ALERT (injected suspicious) :: guest@DOM1 on C1005 (UnverifiedCustomAuth/NewCredentials, Fail) score=-0.016
[17:00:40] ALERT (injected suspicious) :: guest@DOM1 on C1021 (TotallyUnrecognizedAuth/NewCredentials, Fail) score=-0.016
[17:00:41] ALERT (injected suspicious) :: guest@DOM1 on C1006 (UnverifiedCustomAuth/NewCredentials, Fail) score=-0.032
[17:00:41] ALERT (injected suspicious) :: guest@DOM1 on C1026 (LegacyProtocolXYZ/RemoteInteractive, Fail) score=-0.016
[17:00:41] ALERT (injected suspicious) :: guest@DOM1 on C1030 (LegacyProtocolXYZ/RemoteInteractive, Fail) score=-0.016
[17:00:45]    OK (injected normal) :: U1003@DOM1 on C1046 (Kerberos/Interactive, Success) score=0.147
[17:00:48]    OK (injected normal) :: U1000@DOM1 on C1000 (Negotiate/Network, Success) score=0.225
[17:00:51]    OK (injected normal) :: U1030@DOM1 on C1038 (Kerberos/Service, Success) score=0.182
[17:00:54]    OK (injected normal) :: U1001@DOM1 on C1014 (NTLM/Service, Success) score=0.085
[17:00:57]    OK (injected normal) :: U1025@DOM1 on C1034 (NTLM/Service, Success) score=0.092
[17:01:00]    OK (injected normal) :: U1034@DOM1 on C1022 (Kerberos/Network, Success) score=0.234
[17:01:03]    OK (injected normal) :: U1012@DOM1 on C1007 (Kerberos/Interactive, Success) score=0.101
[17:01:06]    OK (injected normal) :: U1020@DOM1 on C1021 (Negotiate/Network, Success) score=0.198
[17:01:09]    OK (injected normal) :: U1020@DOM1 on C1001 (Kerberos/Interactive, Success) score=0.142
[17:01:12]    OK (injected normal) :: U1009@DOM1 on C1040 (NTLM/Service, Success) score=0.088
[17:01:15]    OK (injected normal) :: U1001@DOM1 on C1003 (Negotiate/Service, Success) score=0.125
[17:01:18]    OK (injected normal) :: U1028@DOM1 on C1028 (Negotiate/Interactive, Success) score=0.089
[17:01:21]    OK (injected normal) :: U1021@DOM1 on C1045 (Negotiate/Network, Success) score=0.201
[17:01:24]    OK (injected normal) :: U1035@DOM1 on C1009 (NTLM/Service, Success) score=0.142
[17:01:27]    OK (injected normal) :: U1024@DOM1 on C1035 (Negotiate/Interactive, Success) score=0.081
[17:01:30]    OK (injected normal) :: U1034@DOM1 on C1025 (Kerberos/Service, Success) score=0.187
[17:01:33]    OK (injected normal) :: U1027@DOM1 on C1039 (NTLM/Network, Success) score=0.181
[17:01:36]    OK (injected normal) :: U1010@DOM1 on C1032 (Kerberos/Network, Success) score=0.231
[17:01:39]    OK (injected normal) :: U1004@DOM1 on C1043 (NTLM/Network, Success) score=0.121
[17:01:42] ALERT (injected suspicious) :: ANONYMOUS LOGON@C9999 on C1010 (UnverifiedCustomAuth/RemoteInteractive, Fail) score=-0.033
[17:01:42] ALERT (injected suspicious) :: ANONYMOUS LOGON@C9999 on C1015 (TotallyUnrecognizedAuth/NewCredentials, Fail) score=-0.033
[17:01:43] ALERT (injected suspicious) :: ANONYMOUS LOGON@C9999 on C1002 (UnverifiedCustomAuth/RemoteInteractive, Fail) score=-0.032
[17:01:43] ALERT (injected suspicious) :: ANONYMOUS LOGON@C9999 on C1027 (UnverifiedCustomAuth/RemoteInteractive, Fail) score=-0.015
[17:01:43] ALERT (injected suspicious) :: ANONYMOUS LOGON@C9999 on C1017 (LegacyProtocolXYZ/RemoteInteractive, Fail) score=-0.015
[17:01:44] ALERT (injected suspicious) :: ANONYMOUS LOGON@C9999 on C1038 (TotallyUnrecognizedAuth/RemoteInteractive, Fail) score=-0.016
[17:01:44] ALERT (injected suspicious) :: ANONYMOUS LOGON@C9999 on C1044 (LegacyProtocolXYZ/RemoteInteractive, Fail) score=-0.016
[17:01:44] ALERT (injected suspicious) :: ANONYMOUS LOGON@C9999 on C1014 (UnverifiedCustomAuth/NewCredentials, Fail) score=-0.032
[17:01:48]    OK (injected normal) :: U1039@DOM1 on C1010 (Kerberos/Interactive, Success) score=0.141
[17:01:51]    OK (injected normal) :: U1001@DOM1 on C1032 (Negotiate/Service, Success) score=0.121
[17:01:54]    OK (injected normal) :: U1007@DOM1 on C1026 (Negotiate/Network, Success) score=0.234
[17:01:57]    OK (injected normal) :: U1030@DOM1 on C1036 (Negotiate/Interactive, Success) score=0.099
[17:02:00]    OK (injected normal) :: U1014@DOM1 on C1035 (NTLM/Network, Success) score=0.190
[17:02:03]    OK (injected normal) :: U1008@DOM1 on C1016 (Negotiate/Network, Success) score=0.224
[17:02:06] ALERT (injected suspicious) :: ANONYMOUS LOGON@C9999 on C1006 (LegacyProtocolXYZ/NewCredentials, Fail) score=-0.033
[17:02:06] ALERT (injected suspicious) :: ANONYMOUS LOGON@C9999 on C1043 (LegacyProtocolXYZ/NewCredentials, Fail) score=-0.033
[17:02:06] ALERT (injected suspicious) :: ANONYMOUS LOGON@C9999 on C1017 (LegacyProtocolXYZ/RemoteInteractive, Fail) score=-0.033
[17:02:07] ALERT (injected suspicious) :: ANONYMOUS LOGON@C9999 on C1044 (LegacyProtocolXYZ/RemoteInteractive, Fail) score=-0.033
[17:02:07] ALERT (injected suspicious) :: ANONYMOUS LOGON@C9999 on C1027 (TotallyUnrecognizedAuth/NewCredentials, Fail) score=-0.016
[17:02:07] ALERT (injected suspicious) :: ANONYMOUS LOGON@C9999 on C1031 (UnverifiedCustomAuth/NewCredentials, Fail) score=-0.016
[17:02:08] ALERT (injected suspicious) :: ANONYMOUS LOGON@C9999 on C1046 (TotallyUnrecognizedAuth/NewCredentials, Fail) score=-0.034
[17:02:08] ALERT (injected suspicious) :: ANONYMOUS LOGON@C9999 on C1004 (UnverifiedCustomAuth/NewCredentials, Fail) score=-0.018
[17:02:11]    OK (injected normal) :: U1003@DOM1 on C1020 (Kerberos/Interactive, Success) score=0.142
[17:02:14]    OK (injected normal) :: U1034@DOM1 on C1017 (NTLM/Interactive, Success) score=0.085
[17:02:17]    OK (injected normal) :: U1000@DOM1 on C1016 (Negotiate/Service, Success) score=0.142
[17:02:20]    OK (injected normal) :: U1029@DOM1 on C1041 (Kerberos/Service, Success) score=0.156
[17:02:23]    OK (injected normal) :: U1016@DOM1 on C1004 (NTLM/Interactive, Success) score=0.066
[17:02:26]    OK (injected normal) :: U1035@DOM1 on C1007 (Kerberos/Interactive, Success) score=0.142
[17:02:29]    OK (injected normal) :: U1037@DOM1 on C1025 (NTLM/Network, Success) score=0.178
[17:02:32]    OK (injected normal) :: U1033@DOM1 on C1041 (NTLM/Network, Success) score=0.124
[17:02:35]    OK (injected normal) :: U1018@DOM1 on C1039 (Kerberos/Interactive, Success) score=0.123
[17:02:38]    OK (injected normal) :: U1023@DOM1 on C1024 (Kerberos/Network, Success) score=0.246
[17:02:41]    OK (injected normal) :: U1021@DOM1 on C1004 (Kerberos/Interactive, Success) score=0.141
[17:02:44] ALERT (injected suspicious) :: ANONYMOUS LOGON@C9999 on C1041 (UnverifiedCustomAuth/NewCredentials, Fail) score=-0.034
[17:02:45] ALERT (injected suspicious) :: ANONYMOUS LOGON@C9999 on C1048 (LegacyProtocolXYZ/NewCredentials, Fail) score=-0.037
[17:02:45] ALERT (injected suspicious) :: ANONYMOUS LOGON@C9999 on C1007 (TotallyUnrecognizedAuth/RemoteInteractive, Fail) score=-0.037
[17:02:45] ALERT (injected suspicious) :: ANONYMOUS LOGON@C9999 on C1020 (LegacyProtocolXYZ/NewCredentials, Fail) score=-0.021
[17:02:46] ALERT (injected suspicious) :: ANONYMOUS LOGON@C9999 on C1045 (UnverifiedCustomAuth/RemoteInteractive, Fail) score=-0.037
[17:02:46] ALERT (injected suspicious) :: ANONYMOUS LOGON@C9999 on C1033 (LegacyProtocolXYZ/NewCredentials, Fail) score=-0.021
[17:02:46] ALERT (injected suspicious) :: ANONYMOUS LOGON@C9999 on C1046 (TotallyUnrecognizedAuth/NewCredentials, Fail) score=-0.021
[17:02:47] ALERT (injected suspicious) :: ANONYMOUS LOGON@C9999 on C1010 (LegacyProtocolXYZ/RemoteInteractive, Fail) score=-0.021
[17:02:47] ALERT (injected suspicious) :: ANONYMOUS LOGON@C9999 on C1038 (TotallyUnrecognizedAuth/RemoteInteractive, Fail) score=-0.021
[17:02:47] ALERT (injected suspicious) :: ANONYMOUS LOGON@C9999 on C1026 (TotallyUnrecognizedAuth/NewCredentials, Fail) score=-0.021
[17:02:48] ALERT (injected suspicious) :: ANONYMOUS LOGON@C9999 on C1023 (LegacyProtocolXYZ/RemoteInteractive, Fail) score=-0.021
[17:02:51]    OK (injected normal) :: U1003@DOM1 on C1040 (Kerberos/Interactive, Success) score=0.142
[17:02:54]    OK (injected normal) :: U1008@DOM1 on C1017 (Kerberos/Interactive, Success) score=0.147
[17:02:57]    OK (injected normal) :: U1019@DOM1 on C1008 (Negotiate/Service, Success) score=0.158
[17:03:00]    OK (injected normal) :: U1030@DOM1 on C1046 (NTLM/Network, Success) score=0.120
[17:03:03]    OK (injected normal) :: U1029@DOM1 on C1020 (Kerberos/Service, Success) score=0.149
[17:03:06]    OK (injected normal) :: U1013@DOM1 on C1020 (NTLM/Interactive, Success) score=0.087
[17:03:09]    OK (injected normal) :: U1014@DOM1 on C1030 (NTLM/Interactive, Success) score=0.087
[17:03:12]    OK (injected normal) :: U1027@DOM1 on C1042 (Kerberos/Interactive, Success) score=0.123
[17:03:15]    OK (injected normal) :: U1010@DOM1 on C1026 (NTLM/Network, Success) score=0.177
[17:03:18] ALERT (injected suspicious) :: guest@DOM1 on C1041 (UnverifiedCustomAuth/RemoteInteractive, Fail) score=-0.017
[17:03:19] ALERT (injected suspicious) :: guest@DOM1 on C1038 (TotallyUnrecognizedAuth/RemoteInteractive, Fail) score=-0.017
[17:03:19] ALERT (injected suspicious) :: guest@DOM1 on C1024 (UnverifiedCustomAuth/RemoteInteractive, Fail) score=-0.033
[17:03:19] ALERT (injected suspicious) :: guest@DOM1 on C1001 (LegacyProtocolXYZ/NewCredentials, Fail) score=-0.033
[17:03:19] ALERT (injected suspicious) :: guest@DOM1 on C1007 (UnverifiedCustomAuth/NewCredentials, Fail) score=-0.017
[17:03:20] ALERT (injected suspicious) :: guest@DOM1 on C1045 (UnverifiedCustomAuth/RemoteInteractive, Fail) score=-0.017
[17:03:20] ALERT (injected suspicious) :: guest@DOM1 on C1014 (UnverifiedCustomAuth/NewCredentials, Fail) score=-0.033
[17:03:20] ALERT (injected suspicious) :: guest@DOM1 on C1012 (LegacyProtocolXYZ/RemoteInteractive, Fail) score=-0.033
[17:03:21] ALERT (injected suspicious) :: guest@DOM1 on C1011 (TotallyUnrecognizedAuth/RemoteInteractive, Fail) score=-0.033
[17:03:24]    OK (injected normal) :: U1015@DOM1 on C1046 (Negotiate/Network, Success) score=0.231
[17:03:27]    OK (injected normal) :: U1007@DOM1 on C1033 (Kerberos/Network, Success) score=0.245
[17:03:30]    OK (injected normal) :: U1018@DOM1 on C1026 (NTLM/Service, Success) score=0.090
[17:03:33]    OK (injected normal) :: U1035@DOM1 on C1017 (NTLM/Interactive, Success) score=0.090
[17:03:36]    OK (injected normal) :: U1027@DOM1 on C1040 (NTLM/Interactive, Success) score=0.079
[17:03:39]    OK (injected normal) :: U1020@DOM1 on C1041 (NTLM/Interactive, Success) score=0.067
[17:03:42]    OK (injected normal) :: U1027@DOM1 on C1044 (NTLM/Service, Success) score=0.089
[17:03:45]    OK (injected normal) :: U1011@DOM1 on C1016 (Kerberos/Network, Success) score=0.245
[17:03:48]    OK (injected normal) :: U1009@DOM1 on C1018 (NTLM/Interactive, Success) score=0.079
